  Application.cpp
  BoxShape.cpp
  Camera.cpp
  CameraComp.cpp
  CollisionShape.cpp
  Entity.cpp
  GP3Labs.cpp
  Input.cpp
C:\Users\User\Desktop\GP3Coursework\GP3Labs\Input.cpp(54,16): warning C4244: 'argument': conversion from 'float' to 'std::array<char,8>::size_type', possible loss of data
C:\Users\User\Desktop\GP3Coursework\GP3Labs\Input.cpp(64,23): warning C4244: 'argument': conversion from 'float' to 'std::array<char,8>::size_type', possible loss of data
C:\Users\User\Desktop\GP3Coursework\GP3Labs\Input.cpp(75,19): warning C4244: 'argument': conversion from 'float' to 'std::array<char,5>::size_type', possible loss of data
  Log.cpp
  Mesh.cpp
  MeshRenderer.cpp
  Model.cpp
  Physics.cpp
C:\Users\User\Desktop\GP3Coursework\GP3Labs\Input.cpp(85,26): warning C4244: 'argument': conversion from 'float' to 'std::array<char,5>::size_type', possible loss of data
  Resources.cpp
  RigidBody.cpp
  Shader.cpp
  ShaderProgram.cpp
  Texture.cpp
  Transform.cpp
  Generating Code...
C:\Users\User\Desktop\GP3Coursework\GP3Labs\Physics.cpp(14,42): warning C4305: 'argument': truncation from 'double' to 'const btScalar'
C:\Users\User\Desktop\GP3Coursework\GP3Labs\Input.cpp(106): warning C4715: 'Input::GetKeyDown': not all control paths return a value
C:\Users\User\Desktop\GP3Coursework\GP3Labs\Input.cpp(124): warning C4715: 'Input::GetKeyUp': not all control paths return a value
BulletCollision_Debug.lib(btCollisionAlgorithm.obj) : warning LNK4099: PDB 'BulletCollision.pdb' was not found with 'BulletCollision_Debug.lib(btCollisionAlgorithm.obj)' or at 'C:\Users\User\Desktop\GP3Coursework\bin\x64\Debug\BulletCollision.pdb'; linking object as if no debug info
BulletCollision_Debug.lib(btDbvt.obj) : warning LNK4099: PDB 'BulletCollision.pdb' was not found with 'BulletCollision_Debug.lib(btDbvt.obj)' or at 'C:\Users\User\Desktop\GP3Coursework\bin\x64\Debug\BulletCollision.pdb'; linking object as if no debug info
BulletCollision_Debug.lib(btDbvtBroadphase.obj) : warning LNK4099: PDB 'BulletCollision.pdb' was not found with 'BulletCollision_Debug.lib(btDbvtBroadphase.obj)' or at 'C:\Users\User\Desktop\GP3Coursework\bin\x64\Debug\BulletCollision.pdb'; linking object as if no debug info
BulletCollision_Debug.lib(btDispatcher.obj) : warning LNK4099: PDB 'BulletCollision.pdb' was not found with 'BulletCollision_Debug.lib(btDispatcher.obj)' or at 'C:\Users\User\Desktop\GP3Coursework\bin\x64\Debug\BulletCollision.pdb'; linking object as if no debug info
BulletCollision_Debug.lib(btOverlappingPairCache.obj) : warning LNK4099: PDB 'BulletCollision.pdb' was not found with 'BulletCollision_Debug.lib(btOverlappingPairCache.obj)' or at 'C:\Users\User\Desktop\GP3Coursework\bin\x64\Debug\BulletCollision.pdb'; linking object as if no debug info
BulletCollision_Debug.lib(btQuantizedBvh.obj) : warning LNK4099: PDB 'BulletCollision.pdb' was not found with 'BulletCollision_Debug.lib(btQuantizedBvh.obj)' or at 'C:\Users\User\Desktop\GP3Coursework\bin\x64\Debug\BulletCollision.pdb'; linking object as if no debug info
BulletCollision_Debug.lib(btActivatingCollisionAlgorithm.obj) : warning LNK4099: PDB 'BulletCollision.pdb' was not found with 'BulletCollision_Debug.lib(btActivatingCollisionAlgorithm.obj)' or at 'C:\Users\User\Desktop\GP3Coursework\bin\x64\Debug\BulletCollision.pdb'; linking object as if no debug info
BulletCollision_Debug.lib(btBoxBoxCollisionAlgorithm.obj) : warning LNK4099: PDB 'BulletCollision.pdb' was not found with 'BulletCollision_Debug.lib(btBoxBoxCollisionAlgorithm.obj)' or at 'C:\Users\User\Desktop\GP3Coursework\bin\x64\Debug\BulletCollision.pdb'; linking object as if no debug info
BulletCollision_Debug.lib(btBoxBoxDetector.obj) : warning LNK4099: PDB 'BulletCollision.pdb' was not found with 'BulletCollision_Debug.lib(btBoxBoxDetector.obj)' or at 'C:\Users\User\Desktop\GP3Coursework\bin\x64\Debug\BulletCollision.pdb'; linking object as if no debug info
BulletCollision_Debug.lib(btCollisionDispatcher.obj) : warning LNK4099: PDB 'BulletCollision.pdb' was not found with 'BulletCollision_Debug.lib(btCollisionDispatcher.obj)' or at 'C:\Users\User\Desktop\GP3Coursework\bin\x64\Debug\BulletCollision.pdb'; linking object as if no debug info
BulletCollision_Debug.lib(btCollisionObject.obj) : warning LNK4099: PDB 'BulletCollision.pdb' was not found with 'BulletCollision_Debug.lib(btCollisionObject.obj)' or at 'C:\Users\User\Desktop\GP3Coursework\bin\x64\Debug\BulletCollision.pdb'; linking object as if no debug info
BulletCollision_Debug.lib(btCollisionWorld.obj) : warning LNK4099: PDB 'BulletCollision.pdb' was not found with 'BulletCollision_Debug.lib(btCollisionWorld.obj)' or at 'C:\Users\User\Desktop\GP3Coursework\bin\x64\Debug\BulletCollision.pdb'; linking object as if no debug info
BulletCollision_Debug.lib(btCompoundCollisionAlgorithm.obj) : warning LNK4099: PDB 'BulletCollision.pdb' was not found with 'BulletCollision_Debug.lib(btCompoundCollisionAlgorithm.obj)' or at 'C:\Users\User\Desktop\GP3Coursework\bin\x64\Debug\BulletCollision.pdb'; linking object as if no debug info
BulletCollision_Debug.lib(btCompoundCompoundCollisionAlgorithm.obj) : warning LNK4099: PDB 'BulletCollision.pdb' was not found with 'BulletCollision_Debug.lib(btCompoundCompoundCollisionAlgorithm.obj)' or at 'C:\Users\User\Desktop\GP3Coursework\bin\x64\Debug\BulletCollision.pdb'; linking object as if no debug info
BulletCollision_Debug.lib(btConvexConcaveCollisionAlgorithm.obj) : warning LNK4099: PDB 'BulletCollision.pdb' was not found with 'BulletCollision_Debug.lib(btConvexConcaveCollisionAlgorithm.obj)' or at 'C:\Users\User\Desktop\GP3Coursework\bin\x64\Debug\BulletCollision.pdb'; linking object as if no debug info
BulletCollision_Debug.lib(btConvexConvexAlgorithm.obj) : warning LNK4099: PDB 'BulletCollision.pdb' was not found with 'BulletCollision_Debug.lib(btConvexConvexAlgorithm.obj)' or at 'C:\Users\User\Desktop\GP3Coursework\bin\x64\Debug\BulletCollision.pdb'; linking object as if no debug info
BulletCollision_Debug.lib(btConvexPlaneCollisionAlgorithm.obj) : warning LNK4099: PDB 'BulletCollision.pdb' was not found with 'BulletCollision_Debug.lib(btConvexPlaneCollisionAlgorithm.obj)' or at 'C:\Users\User\Desktop\GP3Coursework\bin\x64\Debug\BulletCollision.pdb'; linking object as if no debug info
BulletCollision_Debug.lib(btDefaultCollisionConfiguration.obj) : warning LNK4099: PDB 'BulletCollision.pdb' was not found with 'BulletCollision_Debug.lib(btDefaultCollisionConfiguration.obj)' or at 'C:\Users\User\Desktop\GP3Coursework\bin\x64\Debug\BulletCollision.pdb'; linking object as if no debug info
BulletCollision_Debug.lib(btEmptyCollisionAlgorithm.obj) : warning LNK4099: PDB 'BulletCollision.pdb' was not found with 'BulletCollision_Debug.lib(btEmptyCollisionAlgorithm.obj)' or at 'C:\Users\User\Desktop\GP3Coursework\bin\x64\Debug\BulletCollision.pdb'; linking object as if no debug info
BulletCollision_Debug.lib(btHashedSimplePairCache.obj) : warning LNK4099: PDB 'BulletCollision.pdb' was not found with 'BulletCollision_Debug.lib(btHashedSimplePairCache.obj)' or at 'C:\Users\User\Desktop\GP3Coursework\bin\x64\Debug\BulletCollision.pdb'; linking object as if no debug info
BulletCollision_Debug.lib(btManifoldResult.obj) : warning LNK4099: PDB 'BulletCollision.pdb' was not found with 'BulletCollision_Debug.lib(btManifoldResult.obj)' or at 'C:\Users\User\Desktop\GP3Coursework\bin\x64\Debug\BulletCollision.pdb'; linking object as if no debug info
BulletCollision_Debug.lib(btSimulationIslandManager.obj) : warning LNK4099: PDB 'BulletCollision.pdb' was not found with 'BulletCollision_Debug.lib(btSimulationIslandManager.obj)' or at 'C:\Users\User\Desktop\GP3Coursework\bin\x64\Debug\BulletCollision.pdb'; linking object as if no debug info
BulletCollision_Debug.lib(btSphereSphereCollisionAlgorithm.obj) : warning LNK4099: PDB 'BulletCollision.pdb' was not found with 'BulletCollision_Debug.lib(btSphereSphereCollisionAlgorithm.obj)' or at 'C:\Users\User\Desktop\GP3Coursework\bin\x64\Debug\BulletCollision.pdb'; linking object as if no debug info
BulletCollision_Debug.lib(btSphereTriangleCollisionAlgorithm.obj) : warning LNK4099: PDB 'BulletCollision.pdb' was not found with 'BulletCollision_Debug.lib(btSphereTriangleCollisionAlgorithm.obj)' or at 'C:\Users\User\Desktop\GP3Coursework\bin\x64\Debug\BulletCollision.pdb'; linking object as if no debug info
BulletCollision_Debug.lib(btUnionFind.obj) : warning LNK4099: PDB 'BulletCollision.pdb' was not found with 'BulletCollision_Debug.lib(btUnionFind.obj)' or at 'C:\Users\User\Desktop\GP3Coursework\bin\x64\Debug\BulletCollision.pdb'; linking object as if no debug info
BulletCollision_Debug.lib(SphereTriangleDetector.obj) : warning LNK4099: PDB 'BulletCollision.pdb' was not found with 'BulletCollision_Debug.lib(SphereTriangleDetector.obj)' or at 'C:\Users\User\Desktop\GP3Coursework\bin\x64\Debug\BulletCollision.pdb'; linking object as if no debug info
BulletCollision_Debug.lib(btBoxShape.obj) : warning LNK4099: PDB 'BulletCollision.pdb' was not found with 'BulletCollision_Debug.lib(btBoxShape.obj)' or at 'C:\Users\User\Desktop\GP3Coursework\bin\x64\Debug\BulletCollision.pdb'; linking object as if no debug info
BulletCollision_Debug.lib(btBvhTriangleMeshShape.obj) : warning LNK4099: PDB 'BulletCollision.pdb' was not found with 'BulletCollision_Debug.lib(btBvhTriangleMeshShape.obj)' or at 'C:\Users\User\Desktop\GP3Coursework\bin\x64\Debug\BulletCollision.pdb'; linking object as if no debug info
BulletCollision_Debug.lib(btCollisionShape.obj) : warning LNK4099: PDB 'BulletCollision.pdb' was not found with 'BulletCollision_Debug.lib(btCollisionShape.obj)' or at 'C:\Users\User\Desktop\GP3Coursework\bin\x64\Debug\BulletCollision.pdb'; linking object as if no debug info
BulletCollision_Debug.lib(btConcaveShape.obj) : warning LNK4099: PDB 'BulletCollision.pdb' was not found with 'BulletCollision_Debug.lib(btConcaveShape.obj)' or at 'C:\Users\User\Desktop\GP3Coursework\bin\x64\Debug\BulletCollision.pdb'; linking object as if no debug info
BulletCollision_Debug.lib(btConvexInternalShape.obj) : warning LNK4099: PDB 'BulletCollision.pdb' was not found with 'BulletCollision_Debug.lib(btConvexInternalShape.obj)' or at 'C:\Users\User\Desktop\GP3Coursework\bin\x64\Debug\BulletCollision.pdb'; linking object as if no debug info
BulletCollision_Debug.lib(btConvexPolyhedron.obj) : warning LNK4099: PDB 'BulletCollision.pdb' was not found with 'BulletCollision_Debug.lib(btConvexPolyhedron.obj)' or at 'C:\Users\User\Desktop\GP3Coursework\bin\x64\Debug\BulletCollision.pdb'; linking object as if no debug info
BulletCollision_Debug.lib(btConvexShape.obj) : warning LNK4099: PDB 'BulletCollision.pdb' was not found with 'BulletCollision_Debug.lib(btConvexShape.obj)' or at 'C:\Users\User\Desktop\GP3Coursework\bin\x64\Debug\BulletCollision.pdb'; linking object as if no debug info
BulletCollision_Debug.lib(btMiniSDF.obj) : warning LNK4099: PDB 'BulletCollision.pdb' was not found with 'BulletCollision_Debug.lib(btMiniSDF.obj)' or at 'C:\Users\User\Desktop\GP3Coursework\bin\x64\Debug\BulletCollision.pdb'; linking object as if no debug info
BulletCollision_Debug.lib(btOptimizedBvh.obj) : warning LNK4099: PDB 'BulletCollision.pdb' was not found with 'BulletCollision_Debug.lib(btOptimizedBvh.obj)' or at 'C:\Users\User\Desktop\GP3Coursework\bin\x64\Debug\BulletCollision.pdb'; linking object as if no debug info
BulletCollision_Debug.lib(btPolyhedralConvexShape.obj) : warning LNK4099: PDB 'BulletCollision.pdb' was not found with 'BulletCollision_Debug.lib(btPolyhedralConvexShape.obj)' or at 'C:\Users\User\Desktop\GP3Coursework\bin\x64\Debug\BulletCollision.pdb'; linking object as if no debug info
BulletCollision_Debug.lib(btSdfCollisionShape.obj) : warning LNK4099: PDB 'BulletCollision.pdb' was not found with 'BulletCollision_Debug.lib(btSdfCollisionShape.obj)' or at 'C:\Users\User\Desktop\GP3Coursework\bin\x64\Debug\BulletCollision.pdb'; linking object as if no debug info
BulletCollision_Debug.lib(btSphereShape.obj) : warning LNK4099: PDB 'BulletCollision.pdb' was not found with 'BulletCollision_Debug.lib(btSphereShape.obj)' or at 'C:\Users\User\Desktop\GP3Coursework\bin\x64\Debug\BulletCollision.pdb'; linking object as if no debug info
BulletCollision_Debug.lib(btTriangleCallback.obj) : warning LNK4099: PDB 'BulletCollision.pdb' was not found with 'BulletCollision_Debug.lib(btTriangleCallback.obj)' or at 'C:\Users\User\Desktop\GP3Coursework\bin\x64\Debug\BulletCollision.pdb'; linking object as if no debug info
BulletCollision_Debug.lib(btTriangleMeshShape.obj) : warning LNK4099: PDB 'BulletCollision.pdb' was not found with 'BulletCollision_Debug.lib(btTriangleMeshShape.obj)' or at 'C:\Users\User\Desktop\GP3Coursework\bin\x64\Debug\BulletCollision.pdb'; linking object as if no debug info
BulletCollision_Debug.lib(btContinuousConvexCollision.obj) : warning LNK4099: PDB 'BulletCollision.pdb' was not found with 'BulletCollision_Debug.lib(btContinuousConvexCollision.obj)' or at 'C:\Users\User\Desktop\GP3Coursework\bin\x64\Debug\BulletCollision.pdb'; linking object as if no debug info
BulletCollision_Debug.lib(btConvexCast.obj) : warning LNK4099: PDB 'BulletCollision.pdb' was not found with 'BulletCollision_Debug.lib(btConvexCast.obj)' or at 'C:\Users\User\Desktop\GP3Coursework\bin\x64\Debug\BulletCollision.pdb'; linking object as if no debug info
BulletCollision_Debug.lib(btGjkConvexCast.obj) : warning LNK4099: PDB 'BulletCollision.pdb' was not found with 'BulletCollision_Debug.lib(btGjkConvexCast.obj)' or at 'C:\Users\User\Desktop\GP3Coursework\bin\x64\Debug\BulletCollision.pdb'; linking object as if no debug info
BulletCollision_Debug.lib(btGjkEpa2.obj) : warning LNK4099: PDB 'BulletCollision.pdb' was not found with 'BulletCollision_Debug.lib(btGjkEpa2.obj)' or at 'C:\Users\User\Desktop\GP3Coursework\bin\x64\Debug\BulletCollision.pdb'; linking object as if no debug info
BulletCollision_Debug.lib(btGjkEpaPenetrationDepthSolver.obj) : warning LNK4099: PDB 'BulletCollision.pdb' was not found with 'BulletCollision_Debug.lib(btGjkEpaPenetrationDepthSolver.obj)' or at 'C:\Users\User\Desktop\GP3Coursework\bin\x64\Debug\BulletCollision.pdb'; linking object as if no debug info
BulletCollision_Debug.lib(btGjkPairDetector.obj) : warning LNK4099: PDB 'BulletCollision.pdb' was not found with 'BulletCollision_Debug.lib(btGjkPairDetector.obj)' or at 'C:\Users\User\Desktop\GP3Coursework\bin\x64\Debug\BulletCollision.pdb'; linking object as if no debug info
BulletCollision_Debug.lib(btMinkowskiPenetrationDepthSolver.obj) : warning LNK4099: PDB 'BulletCollision.pdb' was not found with 'BulletCollision_Debug.lib(btMinkowskiPenetrationDepthSolver.obj)' or at 'C:\Users\User\Desktop\GP3Coursework\bin\x64\Debug\BulletCollision.pdb'; linking object as if no debug info
BulletCollision_Debug.lib(btPersistentManifold.obj) : warning LNK4099: PDB 'BulletCollision.pdb' was not found with 'BulletCollision_Debug.lib(btPersistentManifold.obj)' or at 'C:\Users\User\Desktop\GP3Coursework\bin\x64\Debug\BulletCollision.pdb'; linking object as if no debug info
BulletCollision_Debug.lib(btRaycastCallback.obj) : warning LNK4099: PDB 'BulletCollision.pdb' was not found with 'BulletCollision_Debug.lib(btRaycastCallback.obj)' or at 'C:\Users\User\Desktop\GP3Coursework\bin\x64\Debug\BulletCollision.pdb'; linking object as if no debug info
BulletCollision_Debug.lib(btSubSimplexConvexCast.obj) : warning LNK4099: PDB 'BulletCollision.pdb' was not found with 'BulletCollision_Debug.lib(btSubSimplexConvexCast.obj)' or at 'C:\Users\User\Desktop\GP3Coursework\bin\x64\Debug\BulletCollision.pdb'; linking object as if no debug info
BulletCollision_Debug.lib(btVoronoiSimplexSolver.obj) : warning LNK4099: PDB 'BulletCollision.pdb' was not found with 'BulletCollision_Debug.lib(btVoronoiSimplexSolver.obj)' or at 'C:\Users\User\Desktop\GP3Coursework\bin\x64\Debug\BulletCollision.pdb'; linking object as if no debug info
BulletCollision_Debug.lib(btPolyhedralContactClipping.obj) : warning LNK4099: PDB 'BulletCollision.pdb' was not found with 'BulletCollision_Debug.lib(btPolyhedralContactClipping.obj)' or at 'C:\Users\User\Desktop\GP3Coursework\bin\x64\Debug\BulletCollision.pdb'; linking object as if no debug info
BulletDynamics_Debug.lib(btConeTwistConstraint.obj) : warning LNK4099: PDB 'BulletDynamics.pdb' was not found with 'BulletDynamics_Debug.lib(btConeTwistConstraint.obj)' or at 'C:\Users\User\Desktop\GP3Coursework\bin\x64\Debug\BulletDynamics.pdb'; linking object as if no debug info
BulletDynamics_Debug.lib(btGeneric6DofConstraint.obj) : warning LNK4099: PDB 'BulletDynamics.pdb' was not found with 'BulletDynamics_Debug.lib(btGeneric6DofConstraint.obj)' or at 'C:\Users\User\Desktop\GP3Coursework\bin\x64\Debug\BulletDynamics.pdb'; linking object as if no debug info
BulletDynamics_Debug.lib(btSequentialImpulseConstraintSolver.obj) : warning LNK4099: PDB 'BulletDynamics.pdb' was not found with 'BulletDynamics_Debug.lib(btSequentialImpulseConstraintSolver.obj)' or at 'C:\Users\User\Desktop\GP3Coursework\bin\x64\Debug\BulletDynamics.pdb'; linking object as if no debug info
BulletDynamics_Debug.lib(btTypedConstraint.obj) : warning LNK4099: PDB 'BulletDynamics.pdb' was not found with 'BulletDynamics_Debug.lib(btTypedConstraint.obj)' or at 'C:\Users\User\Desktop\GP3Coursework\bin\x64\Debug\BulletDynamics.pdb'; linking object as if no debug info
BulletDynamics_Debug.lib(btDiscreteDynamicsWorld.obj) : warning LNK4099: PDB 'BulletDynamics.pdb' was not found with 'BulletDynamics_Debug.lib(btDiscreteDynamicsWorld.obj)' or at 'C:\Users\User\Desktop\GP3Coursework\bin\x64\Debug\BulletDynamics.pdb'; linking object as if no debug info
BulletDynamics_Debug.lib(btRigidBody.obj) : warning LNK4099: PDB 'BulletDynamics.pdb' was not found with 'BulletDynamics_Debug.lib(btRigidBody.obj)' or at 'C:\Users\User\Desktop\GP3Coursework\bin\x64\Debug\BulletDynamics.pdb'; linking object as if no debug info
LinearMath_Debug.lib(btAlignedAllocator.obj) : warning LNK4099: PDB 'LinearMath.pdb' was not found with 'LinearMath_Debug.lib(btAlignedAllocator.obj)' or at 'C:\Users\User\Desktop\GP3Coursework\bin\x64\Debug\LinearMath.pdb'; linking object as if no debug info
LinearMath_Debug.lib(btConvexHullComputer.obj) : warning LNK4099: PDB 'LinearMath.pdb' was not found with 'LinearMath_Debug.lib(btConvexHullComputer.obj)' or at 'C:\Users\User\Desktop\GP3Coursework\bin\x64\Debug\LinearMath.pdb'; linking object as if no debug info
LinearMath_Debug.lib(btGeometryUtil.obj) : warning LNK4099: PDB 'LinearMath.pdb' was not found with 'LinearMath_Debug.lib(btGeometryUtil.obj)' or at 'C:\Users\User\Desktop\GP3Coursework\bin\x64\Debug\LinearMath.pdb'; linking object as if no debug info
LinearMath_Debug.lib(btQuickprof.obj) : warning LNK4099: PDB 'LinearMath.pdb' was not found with 'LinearMath_Debug.lib(btQuickprof.obj)' or at 'C:\Users\User\Desktop\GP3Coursework\bin\x64\Debug\LinearMath.pdb'; linking object as if no debug info
LinearMath_Debug.lib(btVector3.obj) : warning LNK4099: PDB 'LinearMath.pdb' was not found with 'LinearMath_Debug.lib(btVector3.obj)' or at 'C:\Users\User\Desktop\GP3Coursework\bin\x64\Debug\LinearMath.pdb'; linking object as if no debug info
  GP3Labs.vcxproj -> C:\Users\User\Desktop\GP3Coursework\bin\x64\Debug\GP3Labs_x64.exe
  C:\Users\User\Desktop\GP3Coursework\dependencies\dll\assimp.dll
  C:\Users\User\Desktop\GP3Coursework\dependencies\dll\glew32.dll
  C:\Users\User\Desktop\GP3Coursework\dependencies\dll\SDL2.dll
  3 File(s) copied
  C:\Users\User\Desktop\GP3Coursework\assets\ball.obj
  C:\Users\User\Desktop\GP3Coursework\assets\banana.obj
  C:\Users\User\Desktop\GP3Coursework\assets\banana_texture.jpg
  C:\Users\User\Desktop\GP3Coursework\assets\basketball_texture.jpg
  C:\Users\User\Desktop\GP3Coursework\assets\blinnPhong_FRAG.glsl
  C:\Users\User\Desktop\GP3Coursework\assets\blinnPhong_VERT.glsl
  C:\Users\User\Desktop\GP3Coursework\assets\Cube.obj
  C:\Users\User\Desktop\GP3Coursework\assets\denim.jpg
  C:\Users\User\Desktop\GP3Coursework\assets\hand.obj
  C:\Users\User\Desktop\GP3Coursework\assets\hand_Texture.jpg
  C:\Users\User\Desktop\GP3Coursework\assets\head.obj
  C:\Users\User\Desktop\GP3Coursework\assets\head_texture.jpg
  C:\Users\User\Desktop\GP3Coursework\assets\heart.obj
  C:\Users\User\Desktop\GP3Coursework\assets\heart_texture.jpg
  C:\Users\User\Desktop\GP3Coursework\assets\simple_FRAG.glsl
  C:\Users\User\Desktop\GP3Coursework\assets\simple_VERT.glsl
  C:\Users\User\Desktop\GP3Coursework\assets\spider.obj
  C:\Users\User\Desktop\GP3Coursework\assets\Wood.jpg
  18 File(s) copied
